# JRE version: OpenJDK Runtime Environment (11.0.10) (build 11.0.10+0-b96-7249189)
# Java VM: OpenJDK 64-Bit Server VM (11.0.10+0-b96-7249189, mixed mode, tiered, compressed oops, g1 gc, windows-amd64)
Heap:
 garbage-first heap   total 233472K, used 155189K [0x0000000080000000, 0x0000000100000000)
  region size 1024K, 72 young (73728K), 7 survivors (7168K)
 Metaspace       used 85369K, capacity 87507K, committed 87808K, reserved 1126400K
  class space    used 10937K, capacity 11686K, committed 11776K, reserved 1048576K
GC Heap History (20 events):
Event: 25.594 GC heap before
{Heap before GC invocations=70 (full 0):
 garbage-first heap   total 140288K, used 121188K [0x0000000080000000, 0x0000000100000000)
  region size 1024K, 53 young (54272K), 4 survivors (4096K)
 Metaspace       used 63960K, capacity 65594K, committed 65792K, reserved 1105920K
  class space    used 8028K, capacity 8578K, committed 8704K, reserved 1048576K
}
Event: 25.597 GC heap after
{Heap after GC invocations=71 (full 0):
 garbage-first heap   total 140288K, used 71848K [0x0000000080000000, 0x0000000100000000)
  region size 1024K, 5 young (5120K), 5 survivors (5120K)
 Metaspace       used 63960K, capacity 65594K, committed 65792K, reserved 1105920K
  class space    used 8028K, capacity 8578K, committed 8704K, reserved 1048576K
}
Event: 25.707 GC heap before
{Heap before GC invocations=71 (full 0):
 garbage-first heap   total 140288K, used 118952K [0x0000000080000000, 0x0000000100000000)
  region size 1024K, 52 young (53248K), 5 survivors (5120K)
 Metaspace       used 63960K, capacity 65594K, committed 65792K, reserved 1105920K
  class space    used 8028K, capacity 8578K, committed 8704K, reserved 1048576K
}
Event: 25.718 GC heap after
{Heap after GC invocations=72 (full 0):
 garbage-first heap   total 168960K, used 71719K [0x0000000080000000, 0x0000000100000000)
  region size 1024K, 4 young (4096K), 4 survivors (4096K)
 Metaspace       used 63960K, capacity 65594K, committed 65792K, reserved 1105920K
  class space    used 8028K, capacity 8578K, committed 8704K, reserved 1048576K
}
Event: 25.996 GC heap before
{Heap before GC invocations=73 (full 0):
 garbage-first heap   total 168960K, used 135207K [0x0000000080000000, 0x0000000100000000)
  region size 1024K, 67 young (68608K), 4 survivors (4096K)
 Metaspace       used 63960K, capacity 65594K, committed 65792K, reserved 1105920K
  class space    used 8028K, capacity 8578K, committed 8704K, reserved 1048576K
}
Event: 25.999 GC heap after
{Heap after GC invocations=74 (full 0):
 garbage-first heap   total 168960K, used 72076K [0x0000000080000000, 0x0000000100000000)
  region size 1024K, 4 young (4096K), 4 survivors (4096K)
 Metaspace       used 63960K, capacity 65594K, committed 65792K, reserved 1105920K
  class space    used 8028K, capacity 8578K, committed 8704K, reserved 1048576K
}
Event: 26.481 GC heap before
{Heap before GC invocations=74 (full 0):
 garbage-first heap   total 168960K, used 145804K [0x0000000080000000, 0x0000000100000000)
  region size 1024K, 76 young (77824K), 4 survivors (4096K)
 Metaspace       used 63960K, capacity 65594K, committed 65792K, reserved 1105920K
  class space    used 8028K, capacity 8578K, committed 8704K, reserved 1048576K
}
Event: 26.483 GC heap after
{Heap after GC invocations=75 (full 0):
 garbage-first heap   total 168960K, used 71979K [0x0000000080000000, 0x0000000100000000)
  region size 1024K, 4 young (4096K), 4 survivors (4096K)
 Metaspace       used 63960K, capacity 65594K, committed 65792K, reserved 1105920K
  class space    used 8028K, capacity 8578K, committed 8704K, reserved 1048576K
}
Event: 27.370 GC heap before
{Heap before GC invocations=75 (full 0):
 garbage-first heap   total 168960K, used 146731K [0x0000000080000000, 0x0000000100000000)
  region size 1024K, 77 young (78848K), 4 survivors (4096K)
 Metaspace       used 64076K, capacity 65688K, committed 66048K, reserved 1105920K
  class space    used 8035K, capacity 8586K, committed 8704K, reserved 1048576K
}
Event: 27.372 GC heap after
{Heap after GC invocations=76 (full 0):
 garbage-first heap   total 168960K, used 69668K [0x0000000080000000, 0x0000000100000000)
  region size 1024K, 2 young (2048K), 2 survivors (2048K)
 Metaspace       used 64076K, capacity 65688K, committed 66048K, reserved 1105920K
  class space    used 8035K, capacity 8586K, committed 8704K, reserved 1048576K
}
Event: 27.665 GC heap before
{Heap before GC invocations=76 (full 0):
 garbage-first heap   total 168960K, used 146468K [0x0000000080000000, 0x0000000100000000)
  region size 1024K, 78 young (79872K), 2 survivors (2048K)
 Metaspace       used 64097K, capacity 65816K, committed 66048K, reserved 1105920K
  class space    used 8035K, capacity 8586K, committed 8704K, reserved 1048576K
}
Event: 27.666 GC heap after
{Heap after GC invocations=77 (full 0):
 garbage-first heap   total 168960K, used 69113K [0x0000000080000000, 0x0000000100000000)
  region size 1024K, 2 young (2048K), 2 survivors (2048K)
 Metaspace       used 64097K, capacity 65816K, committed 66048K, reserved 1105920K
  class space    used 8035K, capacity 8586K, committed 8704K, reserved 1048576K
}
Event: 28.898 GC heap before
{Heap before GC invocations=77 (full 0):
 garbage-first heap   total 168960K, used 151033K [0x0000000080000000, 0x0000000100000000)
  region size 1024K, 79 young (80896K), 2 survivors (2048K)
 Metaspace       used 69089K, capacity 70866K, committed 71040K, reserved 1112064K
  class space    used 8681K, capacity 9277K, committed 9344K, reserved 1048576K
}
Event: 28.909 GC heap after
{Heap after GC invocations=78 (full 0):
 garbage-first heap   total 168960K, used 78358K [0x0000000080000000, 0x0000000100000000)
  region size 1024K, 7 young (7168K), 7 survivors (7168K)
 Metaspace       used 69089K, capacity 70866K, committed 71040K, reserved 1112064K
  class space    used 8681K, capacity 9277K, committed 9344K, reserved 1048576K
}
Event: 30.099 GC heap before
{Heap before GC invocations=78 (full 0):
 garbage-first heap   total 168960K, used 141846K [0x0000000080000000, 0x0000000100000000)
  region size 1024K, 70 young (71680K), 7 survivors (7168K)
 Metaspace       used 76285K, capacity 78179K, committed 78336K, reserved 1118208K
  class space    used 9568K, capacity 10211K, committed 10240K, reserved 1048576K
}
Event: 30.126 GC heap after
{Heap after GC invocations=79 (full 0):
 garbage-first heap   total 168960K, used 83365K [0x0000000080000000, 0x0000000100000000)
  region size 1024K, 5 young (5120K), 5 survivors (5120K)
 Metaspace       used 76285K, capacity 78179K, committed 78336K, reserved 1118208K
  class space    used 9568K, capacity 10211K, committed 10240K, reserved 1048576K
}
Event: 30.366 GC heap before
{Heap before GC invocations=79 (full 0):
 garbage-first heap   total 168960K, used 95653K [0x0000000080000000, 0x0000000100000000)
  region size 1024K, 18 young (18432K), 5 survivors (5120K)
 Metaspace       used 77453K, capacity 79398K, committed 79616K, reserved 1118208K
  class space    used 9724K, capacity 10382K, committed 10496K, reserved 1048576K
}
Event: 30.378 GC heap after
{Heap after GC invocations=80 (full 0):
 garbage-first heap   total 233472K, used 84616K [0x0000000080000000, 0x0000000100000000)
  region size 1024K, 2 young (2048K), 2 survivors (2048K)
 Metaspace       used 77453K, capacity 79398K, committed 79616K, reserved 1118208K
  class space    used 9724K, capacity 10382K, committed 10496K, reserved 1048576K
}
Event: 32.857 GC heap before
{Heap before GC invocations=81 (full 0):
 garbage-first heap   total 233472K, used 168584K [0x0000000080000000, 0x0000000100000000)
  region size 1024K, 83 young (84992K), 2 survivors (2048K)
 Metaspace       used 82289K, capacity 84457K, committed 84736K, reserved 1122304K
  class space    used 10500K, capacity 11226K, committed 11264K, reserved 1048576K
}
Event: 32.884 GC heap after
{Heap after GC invocations=82 (full 0):
 garbage-first heap   total 233472K, used 89653K [0x0000000080000000, 0x0000000100000000)
  region size 1024K, 7 young (7168K), 7 survivors (7168K)
 Metaspace       used 82289K, capacity 84457K, committed 84736K, reserved 1122304K
  class space    used 10500K, capacity 11226K, committed 11264K, reserved 1048576K
}

