# JRE version: OpenJDK Runtime Environment (11.0.10) (build 11.0.10+0-b96-7249189)
# Java VM: OpenJDK 64-Bit Server VM (11.0.10+0-b96-7249189, mixed mode, tiered, compressed oops, g1 gc, windows-amd64)
Heap:
 garbage-first heap   total 358400K, used 118637K [0x0000000080000000, 0x0000000100000000)
  region size 1024K, 30 young (30720K), 11 survivors (11264K)
 Metaspace       used 94426K, capacity 97723K, committed 97996K, reserved 1134592K
  class space    used 12538K, capacity 13805K, committed 13824K, reserved 1048576K
GC Heap History (20 events):
Event: 14.398 GC heap before
{Heap before GC invocations=51 (full 0):
 garbage-first heap   total 110592K, used 87975K [0x0000000080000000, 0x0000000100000000)
  region size 1024K, 29 young (29696K), 4 survivors (4096K)
 Metaspace       used 75707K, capacity 77483K, committed 77644K, reserved 1116160K
  class space    used 9878K, capacity 10522K, committed 10624K, reserved 1048576K
}
Event: 14.404 GC heap after
{Heap after GC invocations=52 (full 0):
 garbage-first heap   total 133120K, used 63648K [0x0000000080000000, 0x0000000100000000)
  region size 1024K, 4 young (4096K), 4 survivors (4096K)
 Metaspace       used 75707K, capacity 77483K, committed 77644K, reserved 1116160K
  class space    used 9878K, capacity 10522K, committed 10624K, reserved 1048576K
}
Event: 14.957 GC heap before
{Heap before GC invocations=52 (full 0):
 garbage-first heap   total 133120K, used 96416K [0x0000000080000000, 0x0000000100000000)
  region size 1024K, 37 young (37888K), 4 survivors (4096K)
 Metaspace       used 77983K, capacity 79882K, committed 80076K, reserved 1118208K
  class space    used 10232K, capacity 10900K, committed 11008K, reserved 1048576K
}
Event: 14.969 GC heap after
{Heap after GC invocations=53 (full 0):
 garbage-first heap   total 133120K, used 66276K [0x0000000080000000, 0x0000000100000000)
  region size 1024K, 4 young (4096K), 4 survivors (4096K)
 Metaspace       used 77983K, capacity 79882K, committed 80076K, reserved 1118208K
  class space    used 10232K, capacity 10900K, committed 11008K, reserved 1048576K
}
Event: 15.860 GC heap before
{Heap before GC invocations=54 (full 0):
 garbage-first heap   total 133120K, used 104164K [0x0000000080000000, 0x0000000100000000)
  region size 1024K, 42 young (43008K), 4 survivors (4096K)
 Metaspace       used 79673K, capacity 81932K, committed 82252K, reserved 1120256K
  class space    used 10499K, capacity 11323K, committed 11392K, reserved 1048576K
}
Event: 15.873 GC heap after
{Heap after GC invocations=55 (full 0):
 garbage-first heap   total 133120K, used 69362K [0x0000000080000000, 0x0000000100000000)
  region size 1024K, 6 young (6144K), 6 survivors (6144K)
 Metaspace       used 79673K, capacity 81932K, committed 82252K, reserved 1120256K
  class space    used 10499K, capacity 11323K, committed 11392K, reserved 1048576K
}
Event: 16.377 GC heap before
{Heap before GC invocations=55 (full 0):
 garbage-first heap   total 133120K, used 105202K [0x0000000080000000, 0x0000000100000000)
  region size 1024K, 42 young (43008K), 6 survivors (6144K)
 Metaspace       used 80031K, capacity 82251K, committed 82508K, reserved 1120256K
  class space    used 10507K, capacity 11330K, committed 11392K, reserved 1048576K
}
Event: 16.391 GC heap after
{Heap after GC invocations=56 (full 0):
 garbage-first heap   total 133120K, used 71490K [0x0000000080000000, 0x0000000100000000)
  region size 1024K, 6 young (6144K), 6 survivors (6144K)
 Metaspace       used 80031K, capacity 82251K, committed 82508K, reserved 1120256K
  class space    used 10507K, capacity 11330K, committed 11392K, reserved 1048576K
}
Event: 16.921 GC heap before
{Heap before GC invocations=57 (full 0):
 garbage-first heap   total 133120K, used 106306K [0x0000000080000000, 0x0000000100000000)
  region size 1024K, 41 young (41984K), 6 survivors (6144K)
 Metaspace       used 80515K, capacity 82815K, committed 83020K, reserved 1120256K
  class space    used 10549K, capacity 11382K, committed 11392K, reserved 1048576K
}
Event: 17.039 GC heap after
{Heap after GC invocations=58 (full 0):
 garbage-first heap   total 179200K, used 73777K [0x0000000080000000, 0x0000000100000000)
  region size 1024K, 5 young (5120K), 5 survivors (5120K)
 Metaspace       used 80515K, capacity 82815K, committed 83020K, reserved 1120256K
  class space    used 10549K, capacity 11382K, committed 11392K, reserved 1048576K
}
Event: 17.718 GC heap before
{Heap before GC invocations=58 (full 0):
 garbage-first heap   total 179200K, used 126001K [0x0000000080000000, 0x0000000100000000)
  region size 1024K, 57 young (58368K), 5 survivors (5120K)
 Metaspace       used 80893K, capacity 83300K, committed 83404K, reserved 1122304K
  class space    used 10575K, capacity 11459K, committed 11520K, reserved 1048576K
}
Event: 17.735 GC heap after
{Heap after GC invocations=59 (full 0):
 garbage-first heap   total 179200K, used 77111K [0x0000000080000000, 0x0000000100000000)
  region size 1024K, 6 young (6144K), 6 survivors (6144K)
 Metaspace       used 80893K, capacity 83300K, committed 83404K, reserved 1122304K
  class space    used 10575K, capacity 11459K, committed 11520K, reserved 1048576K
}
Event: 18.843 GC heap before
{Heap before GC invocations=59 (full 0):
 garbage-first heap   total 179200K, used 135479K [0x0000000080000000, 0x0000000100000000)
  region size 1024K, 64 young (65536K), 6 survivors (6144K)
 Metaspace       used 81059K, capacity 83471K, committed 83660K, reserved 1122304K
  class space    used 10591K, capacity 11469K, committed 11520K, reserved 1048576K
}
Event: 18.858 GC heap after
{Heap after GC invocations=60 (full 0):
 garbage-first heap   total 179200K, used 79924K [0x0000000080000000, 0x0000000100000000)
  region size 1024K, 6 young (6144K), 6 survivors (6144K)
 Metaspace       used 81059K, capacity 83471K, committed 83660K, reserved 1122304K
  class space    used 10591K, capacity 11469K, committed 11520K, reserved 1048576K
}
Event: 20.370 GC heap before
{Heap before GC invocations=60 (full 0):
 garbage-first heap   total 179200K, used 146484K [0x0000000080000000, 0x0000000100000000)
  region size 1024K, 68 young (69632K), 6 survivors (6144K)
 Metaspace       used 83168K, capacity 85520K, committed 85708K, reserved 1124352K
  class space    used 10849K, capacity 11710K, committed 11776K, reserved 1048576K
}
Event: 20.401 GC heap after
{Heap after GC invocations=61 (full 0):
 garbage-first heap   total 179200K, used 83717K [0x0000000080000000, 0x0000000100000000)
  region size 1024K, 7 young (7168K), 7 survivors (7168K)
 Metaspace       used 83168K, capacity 85520K, committed 85708K, reserved 1124352K
  class space    used 10849K, capacity 11710K, committed 11776K, reserved 1048576K
}
Event: 21.594 GC heap before
{Heap before GC invocations=61 (full 0):
 garbage-first heap   total 179200K, used 145157K [0x0000000080000000, 0x0000000100000000)
  region size 1024K, 68 young (69632K), 7 survivors (7168K)
 Metaspace       used 91300K, capacity 94415K, committed 94540K, reserved 1130496K
  class space    used 12198K, capacity 13395K, committed 13440K, reserved 1048576K
}
Event: 21.626 GC heap after
{Heap after GC invocations=62 (full 0):
 garbage-first heap   total 358400K, used 94493K [0x0000000080000000, 0x0000000100000000)
  region size 1024K, 9 young (9216K), 9 survivors (9216K)
 Metaspace       used 91300K, capacity 94415K, committed 94540K, reserved 1130496K
  class space    used 12198K, capacity 13395K, committed 13440K, reserved 1048576K
}
Event: 22.584 GC heap before
{Heap before GC invocations=62 (full 0):
 garbage-first heap   total 358400K, used 203037K [0x0000000080000000, 0x0000000100000000)
  region size 1024K, 116 young (118784K), 9 survivors (9216K)
 Metaspace       used 94106K, capacity 97425K, committed 97484K, reserved 1132544K
  class space    used 12536K, capacity 13805K, committed 13824K, reserved 1048576K
}
Event: 22.674 GC heap after
{Heap after GC invocations=63 (full 0):
 garbage-first heap   total 358400K, used 99181K [0x0000000080000000, 0x0000000100000000)
  region size 1024K, 11 young (11264K), 11 survivors (11264K)
 Metaspace       used 94106K, capacity 97425K, committed 97484K, reserved 1132544K
  class space    used 12536K, capacity 13805K, committed 13824K, reserved 1048576K
}

