# JRE version: OpenJDK Runtime Environment (11.0.10) (build 11.0.10+0-b96-7249189)
# Java VM: OpenJDK 64-Bit Server VM (11.0.10+0-b96-7249189, mixed mode, tiered, compressed oops, g1 gc, windows-amd64)
Heap:
 garbage-first heap   total 563200K, used 150778K [0x0000000080000000, 0x0000000100000000)
  region size 1024K, 1 young (1024K), 1 survivors (1024K)
 Metaspace       used 144552K, capacity 149390K, committed 149760K, reserved 1179648K
  class space    used 17448K, capacity 19147K, committed 19200K, reserved 1048576K
GC Heap History (20 events):
Event: 6705.769 GC heap after
{Heap after GC invocations=255 (full 0):
 garbage-first heap   total 366592K, used 158947K [0x0000000080000000, 0x0000000100000000)
  region size 1024K, 1 young (1024K), 1 survivors (1024K)
 Metaspace       used 143834K, capacity 148662K, committed 148992K, reserved 1179648K
  class space    used 17440K, capacity 19134K, committed 19200K, reserved 1048576K
}
Event: 6715.595 GC heap before
{Heap before GC invocations=255 (full 0):
 garbage-first heap   total 366592K, used 175331K [0x0000000080000000, 0x0000000100000000)
  region size 1024K, 17 young (17408K), 1 survivors (1024K)
 Metaspace       used 143838K, capacity 148662K, committed 148992K, reserved 1179648K
  class space    used 17440K, capacity 19134K, committed 19200K, reserved 1048576K
}
Event: 6715.665 GC heap after
{Heap after GC invocations=256 (full 0):
 garbage-first heap   total 366592K, used 153363K [0x0000000080000000, 0x0000000100000000)
  region size 1024K, 2 young (2048K), 2 survivors (2048K)
 Metaspace       used 143838K, capacity 148662K, committed 148992K, reserved 1179648K
  class space    used 17440K, capacity 19134K, committed 19200K, reserved 1048576K
}
Event: 6715.787 GC heap before
{Heap before GC invocations=256 (full 0):
 garbage-first heap   total 366592K, used 167699K [0x0000000080000000, 0x0000000100000000)
  region size 1024K, 17 young (17408K), 2 survivors (2048K)
 Metaspace       used 143838K, capacity 148662K, committed 148992K, reserved 1179648K
  class space    used 17440K, capacity 19134K, committed 19200K, reserved 1048576K
}
Event: 6715.854 GC heap after
{Heap after GC invocations=257 (full 0):
 garbage-first heap   total 366592K, used 155972K [0x0000000080000000, 0x0000000100000000)
  region size 1024K, 3 young (3072K), 3 survivors (3072K)
 Metaspace       used 143838K, capacity 148662K, committed 148992K, reserved 1179648K
  class space    used 17440K, capacity 19134K, committed 19200K, reserved 1048576K
}
Event: 6716.842 GC heap before
{Heap before GC invocations=257 (full 0):
 garbage-first heap   total 366592K, used 207172K [0x0000000080000000, 0x0000000100000000)
  region size 1024K, 54 young (55296K), 3 survivors (3072K)
 Metaspace       used 143911K, capacity 148713K, committed 148992K, reserved 1179648K
  class space    used 17448K, capacity 19147K, committed 19200K, reserved 1048576K
}
Event: 6716.929 GC heap after
{Heap after GC invocations=258 (full 0):
 garbage-first heap   total 366592K, used 156362K [0x0000000080000000, 0x0000000100000000)
  region size 1024K, 4 young (4096K), 4 survivors (4096K)
 Metaspace       used 143911K, capacity 148713K, committed 148992K, reserved 1179648K
  class space    used 17448K, capacity 19147K, committed 19200K, reserved 1048576K
}
Event: 6726.230 GC heap before
{Heap before GC invocations=259 (full 0):
 garbage-first heap   total 366592K, used 217802K [0x0000000080000000, 0x0000000100000000)
  region size 1024K, 76 young (77824K), 4 survivors (4096K)
 Metaspace       used 143967K, capacity 148781K, committed 148992K, reserved 1179648K
  class space    used 17448K, capacity 19147K, committed 19200K, reserved 1048576K
}
Event: 6726.453 GC heap after
{Heap after GC invocations=260 (full 0):
 garbage-first heap   total 366592K, used 159227K [0x0000000080000000, 0x0000000100000000)
  region size 1024K, 10 young (10240K), 10 survivors (10240K)
 Metaspace       used 143967K, capacity 148781K, committed 148992K, reserved 1179648K
  class space    used 17448K, capacity 19147K, committed 19200K, reserved 1048576K
}
Event: 6726.774 GC heap before
{Heap before GC invocations=260 (full 0):
 garbage-first heap   total 366592K, used 166395K [0x0000000080000000, 0x0000000100000000)
  region size 1024K, 17 young (17408K), 10 survivors (10240K)
 Metaspace       used 143973K, capacity 148781K, committed 148992K, reserved 1179648K
  class space    used 17448K, capacity 19147K, committed 19200K, reserved 1048576K
}
Event: 6726.893 GC heap after
{Heap after GC invocations=261 (full 0):
 garbage-first heap   total 366592K, used 147576K [0x0000000080000000, 0x0000000100000000)
  region size 1024K, 2 young (2048K), 2 survivors (2048K)
 Metaspace       used 143973K, capacity 148781K, committed 148992K, reserved 1179648K
  class space    used 17448K, capacity 19147K, committed 19200K, reserved 1048576K
}
Event: 6729.777 GC heap before
{Heap before GC invocations=261 (full 0):
 garbage-first heap   total 366592K, used 161912K [0x0000000080000000, 0x0000000100000000)
  region size 1024K, 17 young (17408K), 2 survivors (2048K)
 Metaspace       used 143985K, capacity 148781K, committed 148992K, reserved 1179648K
  class space    used 17448K, capacity 19147K, committed 19200K, reserved 1048576K
}
Event: 6729.994 GC heap after
{Heap after GC invocations=262 (full 0):
 garbage-first heap   total 366592K, used 145910K [0x0000000080000000, 0x0000000100000000)
  region size 1024K, 2 young (2048K), 2 survivors (2048K)
 Metaspace       used 143985K, capacity 148781K, committed 148992K, reserved 1179648K
  class space    used 17448K, capacity 19147K, committed 19200K, reserved 1048576K
}
Event: 6730.217 GC heap before
{Heap before GC invocations=262 (full 0):
 garbage-first heap   total 366592K, used 145910K [0x0000000080000000, 0x0000000100000000)
  region size 1024K, 3 young (3072K), 2 survivors (2048K)
 Metaspace       used 143986K, capacity 148781K, committed 148992K, reserved 1179648K
  class space    used 17448K, capacity 19147K, committed 19200K, reserved 1048576K
}
Event: 6730.259 GC heap after
{Heap after GC invocations=263 (full 0):
 garbage-first heap   total 366592K, used 145741K [0x0000000080000000, 0x0000000100000000)
  region size 1024K, 1 young (1024K), 1 survivors (1024K)
 Metaspace       used 143986K, capacity 148781K, committed 148992K, reserved 1179648K
  class space    used 17448K, capacity 19147K, committed 19200K, reserved 1048576K
}
Event: 6736.324 GC heap before
{Heap before GC invocations=264 (full 0):
 garbage-first heap   total 366592K, used 251213K [0x0000000080000000, 0x0000000100000000)
  region size 1024K, 101 young (103424K), 1 survivors (1024K)
 Metaspace       used 144545K, capacity 149326K, committed 149504K, reserved 1179648K
  class space    used 17448K, capacity 19147K, committed 19200K, reserved 1048576K
}
Event: 6736.454 GC heap after
{Heap after GC invocations=265 (full 0):
 garbage-first heap   total 366592K, used 157589K [0x0000000080000000, 0x0000000100000000)
  region size 1024K, 13 young (13312K), 13 survivors (13312K)
 Metaspace       used 144545K, capacity 149326K, committed 149504K, reserved 1179648K
  class space    used 17448K, capacity 19147K, committed 19200K, reserved 1048576K
}
Event: 6736.537 GC heap before
{Heap before GC invocations=265 (full 0):
 garbage-first heap   total 366592K, used 160661K [0x0000000080000000, 0x0000000100000000)
  region size 1024K, 17 young (17408K), 13 survivors (13312K)
 Metaspace       used 144549K, capacity 149390K, committed 149760K, reserved 1179648K
  class space    used 17448K, capacity 19147K, committed 19200K, reserved 1048576K
}
Event: 6736.975 GC heap after
{Heap after GC invocations=266 (full 0):
 garbage-first heap   total 366592K, used 152665K [0x0000000080000000, 0x0000000100000000)
  region size 1024K, 2 young (2048K), 2 survivors (2048K)
 Metaspace       used 144549K, capacity 149390K, committed 149760K, reserved 1179648K
  class space    used 17448K, capacity 19147K, committed 19200K, reserved 1048576K
}
Event: 6737.117 GC heap before
{Heap before GC invocations=266 (full 0):
 garbage-first heap   total 366592K, used 168025K [0x0000000080000000, 0x0000000100000000)
  region size 1024K, 17 young (17408K), 2 survivors (2048K)
 Metaspace       used 144552K, capacity 149390K, committed 149760K, reserved 1179648K
  class space    used 17448K, capacity 19147K, committed 19200K, reserved 1048576K
}

