# JRE version: OpenJDK Runtime Environment (11.0.10) (build 11.0.10+0-b96-7249189)
# Java VM: OpenJDK 64-Bit Server VM (11.0.10+0-b96-7249189, mixed mode, tiered, compressed oops, g1 gc, windows-amd64)
Heap:
 garbage-first heap   total 277504K, used 125300K [0x0000000080000000, 0x0000000100000000)
  region size 1024K, 8 young (8192K), 8 survivors (8192K)
 Metaspace       used 99741K, capacity 102678K, committed 103552K, reserved 1138688K
  class space    used 12753K, capacity 13835K, committed 14208K, reserved 1048576K
GC Heap History (20 events):
Event: 14.671 GC heap after
{Heap after GC invocations=60 (full 0):
 garbage-first heap   total 171008K, used 84578K [0x0000000080000000, 0x0000000100000000)
  region size 1024K, 6 young (6144K), 6 survivors (6144K)
 Metaspace       used 70790K, capacity 72601K, committed 72832K, reserved 1112064K
  class space    used 9189K, capacity 9828K, committed 9856K, reserved 1048576K
}
Event: 15.304 GC heap before
{Heap before GC invocations=60 (full 0):
 garbage-first heap   total 171008K, used 133730K [0x0000000080000000, 0x0000000100000000)
  region size 1024K, 54 young (55296K), 6 survivors (6144K)
 Metaspace       used 73590K, capacity 75629K, committed 75904K, reserved 1114112K
  class space    used 9594K, capacity 10256K, committed 10368K, reserved 1048576K
}
Event: 15.314 GC heap after
{Heap after GC invocations=61 (full 0):
 garbage-first heap   total 171008K, used 87525K [0x0000000080000000, 0x0000000100000000)
  region size 1024K, 6 young (6144K), 6 survivors (6144K)
 Metaspace       used 73590K, capacity 75629K, committed 75904K, reserved 1114112K
  class space    used 9594K, capacity 10256K, committed 10368K, reserved 1048576K
}
Event: 16.111 GC heap before
{Heap before GC invocations=62 (full 0):
 garbage-first heap   total 171008K, used 135653K [0x0000000080000000, 0x0000000100000000)
  region size 1024K, 53 young (54272K), 6 survivors (6144K)
 Metaspace       used 76668K, capacity 78743K, committed 78848K, reserved 1118208K
  class space    used 9996K, capacity 10714K, committed 10752K, reserved 1048576K
}
Event: 16.119 GC heap after
{Heap after GC invocations=63 (full 0):
 garbage-first heap   total 171008K, used 90666K [0x0000000080000000, 0x0000000100000000)
  region size 1024K, 6 young (6144K), 6 survivors (6144K)
 Metaspace       used 76668K, capacity 78743K, committed 78848K, reserved 1118208K
  class space    used 9996K, capacity 10714K, committed 10752K, reserved 1048576K
}
Event: 16.340 GC heap before
{Heap before GC invocations=63 (full 0):
 garbage-first heap   total 171008K, used 105002K [0x0000000080000000, 0x0000000100000000)
  region size 1024K, 22 young (22528K), 6 survivors (6144K)
 Metaspace       used 78716K, capacity 80805K, committed 80896K, reserved 1120256K
  class space    used 10248K, capacity 10975K, committed 11008K, reserved 1048576K
}
Event: 16.347 GC heap after
{Heap after GC invocations=64 (full 0):
 garbage-first heap   total 205824K, used 92301K [0x0000000080000000, 0x0000000100000000)
  region size 1024K, 5 young (5120K), 5 survivors (5120K)
 Metaspace       used 78716K, capacity 80805K, committed 80896K, reserved 1120256K
  class space    used 10248K, capacity 10975K, committed 11008K, reserved 1048576K
}
Event: 17.525 GC heap before
{Heap before GC invocations=65 (full 0):
 garbage-first heap   total 205824K, used 151693K [0x0000000080000000, 0x0000000100000000)
  region size 1024K, 62 young (63488K), 5 survivors (5120K)
 Metaspace       used 86388K, capacity 88614K, committed 88832K, reserved 1126400K
  class space    used 11169K, capacity 11939K, committed 12032K, reserved 1048576K
}
Event: 17.532 GC heap after
{Heap after GC invocations=66 (full 0):
 garbage-first heap   total 205824K, used 94454K [0x0000000080000000, 0x0000000100000000)
  region size 1024K, 4 young (4096K), 4 survivors (4096K)
 Metaspace       used 86388K, capacity 88614K, committed 88832K, reserved 1126400K
  class space    used 11169K, capacity 11939K, committed 12032K, reserved 1048576K
}
Event: 19.097 GC heap before
{Heap before GC invocations=66 (full 0):
 garbage-first heap   total 205824K, used 155894K [0x0000000080000000, 0x0000000100000000)
  region size 1024K, 65 young (66560K), 4 survivors (4096K)
 Metaspace       used 89118K, capacity 91718K, committed 91904K, reserved 1128448K
  class space    used 11564K, capacity 12538K, committed 12544K, reserved 1048576K
}
Event: 19.105 GC heap after
{Heap after GC invocations=67 (full 0):
 garbage-first heap   total 205824K, used 98902K [0x0000000080000000, 0x0000000100000000)
  region size 1024K, 9 young (9216K), 9 survivors (9216K)
 Metaspace       used 89118K, capacity 91718K, committed 91904K, reserved 1128448K
  class space    used 11564K, capacity 12538K, committed 12544K, reserved 1048576K
}
Event: 20.185 GC heap before
{Heap before GC invocations=67 (full 0):
 garbage-first heap   total 205824K, used 160342K [0x0000000080000000, 0x0000000100000000)
  region size 1024K, 70 young (71680K), 9 survivors (9216K)
 Metaspace       used 90082K, capacity 92709K, committed 92800K, reserved 1130496K
  class space    used 11630K, capacity 12594K, committed 12672K, reserved 1048576K
}
Event: 20.204 GC heap after
{Heap after GC invocations=68 (full 0):
 garbage-first heap   total 205824K, used 102220K [0x0000000080000000, 0x0000000100000000)
  region size 1024K, 8 young (8192K), 8 survivors (8192K)
 Metaspace       used 90082K, capacity 92709K, committed 92800K, reserved 1130496K
  class space    used 11630K, capacity 12594K, committed 12672K, reserved 1048576K
}
Event: 37.647 GC heap before
{Heap before GC invocations=68 (full 0):
 garbage-first heap   total 205824K, used 165708K [0x0000000080000000, 0x0000000100000000)
  region size 1024K, 70 young (71680K), 8 survivors (8192K)
 Metaspace       used 95062K, capacity 97988K, committed 98176K, reserved 1134592K
  class space    used 12305K, capacity 13382K, committed 13440K, reserved 1048576K
}
Event: 37.850 GC heap after
{Heap after GC invocations=69 (full 0):
 garbage-first heap   total 205824K, used 105467K [0x0000000080000000, 0x0000000100000000)
  region size 1024K, 7 young (7168K), 7 survivors (7168K)
 Metaspace       used 95062K, capacity 97988K, committed 98176K, reserved 1134592K
  class space    used 12305K, capacity 13382K, committed 13440K, reserved 1048576K
}
Event: 41.926 GC heap before
{Heap before GC invocations=70 (full 0):
 garbage-first heap   total 205824K, used 167931K [0x0000000080000000, 0x0000000100000000)
  region size 1024K, 68 young (69632K), 7 survivors (7168K)
 Metaspace       used 97560K, capacity 100664K, committed 100864K, reserved 1136640K
  class space    used 12642K, capacity 13766K, committed 13824K, reserved 1048576K
}
Event: 41.972 GC heap after
{Heap after GC invocations=71 (full 0):
 garbage-first heap   total 205824K, used 111804K [0x0000000080000000, 0x0000000100000000)
  region size 1024K, 9 young (9216K), 9 survivors (9216K)
 Metaspace       used 97560K, capacity 100664K, committed 100864K, reserved 1136640K
  class space    used 12642K, capacity 13766K, committed 13824K, reserved 1048576K
}
Event: 44.814 GC heap before
{Heap before GC invocations=71 (full 0):
 garbage-first heap   total 205824K, used 168124K [0x0000000080000000, 0x0000000100000000)
  region size 1024K, 65 young (66560K), 9 survivors (9216K)
 Metaspace       used 98918K, capacity 102037K, committed 102272K, reserved 1138688K
  class space    used 12779K, capacity 13912K, committed 13952K, reserved 1048576K
}
Event: 44.945 GC heap after
{Heap after GC invocations=72 (full 0):
 garbage-first heap   total 205824K, used 116218K [0x0000000080000000, 0x0000000100000000)
  region size 1024K, 5 young (5120K), 5 survivors (5120K)
 Metaspace       used 98918K, capacity 102037K, committed 102272K, reserved 1138688K
  class space    used 12779K, capacity 13912K, committed 13952K, reserved 1048576K
}
Event: 46.555 GC heap before
{Heap before GC invocations=73 (full 0):
 garbage-first heap   total 205824K, used 169466K [0x0000000080000000, 0x0000000100000000)
  region size 1024K, 58 young (59392K), 5 survivors (5120K)
 Metaspace       used 99741K, capacity 102678K, committed 103552K, reserved 1138688K
  class space    used 12753K, capacity 13835K, committed 14208K, reserved 1048576K
}

