# JRE version: OpenJDK Runtime Environment (11.0.10) (build 11.0.10+0-b96-7249189)
# Java VM: OpenJDK 64-Bit Server VM (11.0.10+0-b96-7249189, mixed mode, tiered, compressed oops, g1 gc, windows-amd64)
Heap:
 garbage-first heap   total 231424K, used 102094K [0x0000000080000000, 0x0000000100000000)
  region size 1024K, 14 young (14336K), 2 survivors (2048K)
 Metaspace       used 90392K, capacity 92529K, committed 92928K, reserved 1130496K
  class space    used 11328K, capacity 12100K, committed 12288K, reserved 1048576K
GC Heap History (20 events):
Event: 19.790 GC heap before
{Heap before GC invocations=49 (full 0):
 garbage-first heap   total 159744K, used 117492K [0x0000000080000000, 0x0000000100000000)
  region size 1024K, 31 young (31744K), 4 survivors (4096K)
 Metaspace       used 82012K, capacity 84099K, committed 84736K, reserved 1122304K
  class space    used 10577K, capacity 11309K, committed 11520K, reserved 1048576K
}
Event: 19.799 GC heap after
{Heap after GC invocations=50 (full 0):
 garbage-first heap   total 159744K, used 96256K [0x0000000080000000, 0x0000000100000000)
  region size 1024K, 4 young (4096K), 4 survivors (4096K)
 Metaspace       used 82012K, capacity 84099K, committed 84736K, reserved 1122304K
  class space    used 10577K, capacity 11309K, committed 11520K, reserved 1048576K
}
Event: 20.306 GC heap before
{Heap before GC invocations=50 (full 0):
 garbage-first heap   total 159744K, used 115712K [0x0000000080000000, 0x0000000100000000)
  region size 1024K, 25 young (25600K), 4 survivors (4096K)
 Metaspace       used 82406K, capacity 84456K, committed 84992K, reserved 1122304K
  class space    used 10613K, capacity 11343K, committed 11520K, reserved 1048576K
}
Event: 20.317 GC heap after
{Heap after GC invocations=51 (full 0):
 garbage-first heap   total 192512K, used 98960K [0x0000000080000000, 0x0000000100000000)
  region size 1024K, 2 young (2048K), 2 survivors (2048K)
 Metaspace       used 82406K, capacity 84456K, committed 84992K, reserved 1122304K
  class space    used 10613K, capacity 11343K, committed 11520K, reserved 1048576K
}
Event: 21.081 GC heap before
{Heap before GC invocations=52 (full 0):
 garbage-first heap   total 192512K, used 141968K [0x0000000080000000, 0x0000000100000000)
  region size 1024K, 36 young (36864K), 2 survivors (2048K)
 Metaspace       used 84156K, capacity 86232K, committed 86784K, reserved 1124352K
  class space    used 10845K, capacity 11573K, committed 11776K, reserved 1048576K
}
Event: 21.091 GC heap after
{Heap after GC invocations=53 (full 0):
 garbage-first heap   total 192512K, used 101885K [0x0000000080000000, 0x0000000100000000)
  region size 1024K, 5 young (5120K), 5 survivors (5120K)
 Metaspace       used 84156K, capacity 86232K, committed 86784K, reserved 1124352K
  class space    used 10845K, capacity 11573K, committed 11776K, reserved 1048576K
}
Event: 21.640 GC heap before
{Heap before GC invocations=53 (full 0):
 garbage-first heap   total 192512K, used 137725K [0x0000000080000000, 0x0000000100000000)
  region size 1024K, 40 young (40960K), 5 survivors (5120K)
 Metaspace       used 84788K, capacity 86868K, committed 87296K, reserved 1124352K
  class space    used 10890K, capacity 11610K, committed 11776K, reserved 1048576K
}
Event: 21.652 GC heap after
{Heap after GC invocations=54 (full 0):
 garbage-first heap   total 192512K, used 102709K [0x0000000080000000, 0x0000000100000000)
  region size 1024K, 1 young (1024K), 1 survivors (1024K)
 Metaspace       used 84788K, capacity 86868K, committed 87296K, reserved 1124352K
  class space    used 10890K, capacity 11610K, committed 11776K, reserved 1048576K
}
Event: 22.085 GC heap before
{Heap before GC invocations=55 (full 0):
 garbage-first heap   total 192512K, used 140597K [0x0000000080000000, 0x0000000100000000)
  region size 1024K, 38 young (38912K), 1 survivors (1024K)
 Metaspace       used 84790K, capacity 86868K, committed 87296K, reserved 1124352K
  class space    used 10890K, capacity 11610K, committed 11776K, reserved 1048576K
}
Event: 22.086 GC heap after
{Heap after GC invocations=56 (full 0):
 garbage-first heap   total 192512K, used 102290K [0x0000000080000000, 0x0000000100000000)
  region size 1024K, 1 young (1024K), 1 survivors (1024K)
 Metaspace       used 84790K, capacity 86868K, committed 87296K, reserved 1124352K
  class space    used 10890K, capacity 11610K, committed 11776K, reserved 1048576K
}
Event: 22.456 GC heap before
{Heap before GC invocations=56 (full 0):
 garbage-first heap   total 192512K, used 115602K [0x0000000080000000, 0x0000000100000000)
  region size 1024K, 16 young (16384K), 1 survivors (1024K)
 Metaspace       used 84907K, capacity 87034K, committed 87680K, reserved 1124352K
  class space    used 10899K, capacity 11644K, committed 11904K, reserved 1048576K
}
Event: 22.461 GC heap after
{Heap after GC invocations=57 (full 0):
 garbage-first heap   total 192512K, used 107004K [0x0000000080000000, 0x0000000100000000)
  region size 1024K, 6 young (6144K), 6 survivors (6144K)
 Metaspace       used 84907K, capacity 87034K, committed 87680K, reserved 1124352K
  class space    used 10899K, capacity 11644K, committed 11904K, reserved 1048576K
}
Event: 22.968 GC heap before
{Heap before GC invocations=58 (full 0):
 garbage-first heap   total 192512K, used 161276K [0x0000000080000000, 0x0000000100000000)
  region size 1024K, 43 young (44032K), 6 survivors (6144K)
 Metaspace       used 87571K, capacity 89716K, committed 90112K, reserved 1128448K
  class space    used 11113K, capacity 11893K, committed 12032K, reserved 1048576K
}
Event: 22.976 GC heap after
{Heap after GC invocations=59 (full 0):
 garbage-first heap   total 192512K, used 107129K [0x0000000080000000, 0x0000000100000000)
  region size 1024K, 5 young (5120K), 5 survivors (5120K)
 Metaspace       used 87571K, capacity 89716K, committed 90112K, reserved 1128448K
  class space    used 11113K, capacity 11893K, committed 12032K, reserved 1048576K
}
Event: 23.289 GC heap before
{Heap before GC invocations=59 (full 0):
 garbage-first heap   total 192512K, used 147065K [0x0000000080000000, 0x0000000100000000)
  region size 1024K, 44 young (45056K), 5 survivors (5120K)
 Metaspace       used 89128K, capacity 91188K, committed 91520K, reserved 1128448K
  class space    used 11229K, capacity 12021K, committed 12160K, reserved 1048576K
}
Event: 23.304 GC heap after
{Heap after GC invocations=60 (full 0):
 garbage-first heap   total 192512K, used 108618K [0x0000000080000000, 0x0000000100000000)
  region size 1024K, 3 young (3072K), 3 survivors (3072K)
 Metaspace       used 89128K, capacity 91188K, committed 91520K, reserved 1128448K
  class space    used 11229K, capacity 12021K, committed 12160K, reserved 1048576K
}
Event: 23.720 GC heap before
{Heap before GC invocations=61 (full 0):
 garbage-first heap   total 192512K, used 137290K [0x0000000080000000, 0x0000000100000000)
  region size 1024K, 43 young (44032K), 3 survivors (3072K)
 Metaspace       used 89928K, capacity 92055K, committed 92672K, reserved 1130496K
  class space    used 11283K, capacity 12054K, committed 12288K, reserved 1048576K
}
Event: 23.727 GC heap after
{Heap after GC invocations=62 (full 0):
 garbage-first heap   total 231424K, used 98355K [0x0000000080000000, 0x0000000100000000)
  region size 1024K, 5 young (5120K), 5 survivors (5120K)
 Metaspace       used 89928K, capacity 92055K, committed 92672K, reserved 1130496K
  class space    used 11283K, capacity 12054K, committed 12288K, reserved 1048576K
}
Event: 23.762 GC heap before
{Heap before GC invocations=62 (full 0):
 garbage-first heap   total 231424K, used 104499K [0x0000000080000000, 0x0000000100000000)
  region size 1024K, 11 young (11264K), 5 survivors (5120K)
 Metaspace       used 90043K, capacity 92215K, committed 92672K, reserved 1130496K
  class space    used 11291K, capacity 12086K, committed 12288K, reserved 1048576K
}
Event: 23.768 GC heap after
{Heap after GC invocations=63 (full 0):
 garbage-first heap   total 231424K, used 90830K [0x0000000080000000, 0x0000000100000000)
  region size 1024K, 2 young (2048K), 2 survivors (2048K)
 Metaspace       used 90043K, capacity 92215K, committed 92672K, reserved 1130496K
  class space    used 11291K, capacity 12086K, committed 12288K, reserved 1048576K
}

