# JRE version: OpenJDK Runtime Environment (11.0.10) (build 11.0.10+0-b96-7249189)
# Java VM: OpenJDK 64-Bit Server VM (11.0.10+0-b96-7249189, mixed mode, tiered, compressed oops, g1 gc, windows-amd64)
Heap:
 garbage-first heap   total 233472K, used 119007K [0x0000000080000000, 0x0000000100000000)
  region size 1024K, 4 young (4096K), 4 survivors (4096K)
 Metaspace       used 95418K, capacity 97841K, committed 98304K, reserved 1134592K
  class space    used 12081K, capacity 12920K, committed 13056K, reserved 1048576K
GC Heap History (20 events):
Event: 35.096 GC heap after
{Heap after GC invocations=78 (full 0):
 garbage-first heap   total 194560K, used 109448K [0x0000000080000000, 0x0000000100000000)
  region size 1024K, 4 young (4096K), 4 survivors (4096K)
 Metaspace       used 94853K, capacity 97223K, committed 97536K, reserved 1134592K
  class space    used 12038K, capacity 12888K, committed 13056K, reserved 1048576K
}
Event: 35.148 GC heap before
{Heap before GC invocations=78 (full 0):
 garbage-first heap   total 194560K, used 168840K [0x0000000080000000, 0x0000000100000000)
  region size 1024K, 58 young (59392K), 4 survivors (4096K)
 Metaspace       used 94853K, capacity 97223K, committed 97536K, reserved 1134592K
  class space    used 12038K, capacity 12888K, committed 13056K, reserved 1048576K
}
Event: 35.152 GC heap after
{Heap after GC invocations=79 (full 0):
 garbage-first heap   total 194560K, used 113931K [0x0000000080000000, 0x0000000100000000)
  region size 1024K, 6 young (6144K), 6 survivors (6144K)
 Metaspace       used 94853K, capacity 97223K, committed 97536K, reserved 1134592K
  class space    used 12038K, capacity 12888K, committed 13056K, reserved 1048576K
}
Event: 35.191 GC heap before
{Heap before GC invocations=79 (full 0):
 garbage-first heap   total 194560K, used 166155K [0x0000000080000000, 0x0000000100000000)
  region size 1024K, 58 young (59392K), 6 survivors (6144K)
 Metaspace       used 94911K, capacity 97290K, committed 97792K, reserved 1134592K
  class space    used 12044K, capacity 12889K, committed 13056K, reserved 1048576K
}
Event: 35.198 GC heap after
{Heap after GC invocations=80 (full 0):
 garbage-first heap   total 194560K, used 115124K [0x0000000080000000, 0x0000000100000000)
  region size 1024K, 7 young (7168K), 7 survivors (7168K)
 Metaspace       used 94911K, capacity 97290K, committed 97792K, reserved 1134592K
  class space    used 12044K, capacity 12889K, committed 13056K, reserved 1048576K
}
Event: 35.258 GC heap before
{Heap before GC invocations=80 (full 0):
 garbage-first heap   total 194560K, used 166324K [0x0000000080000000, 0x0000000100000000)
  region size 1024K, 59 young (60416K), 7 survivors (7168K)
 Metaspace       used 95155K, capacity 97482K, committed 97792K, reserved 1134592K
  class space    used 12068K, capacity 12889K, committed 13056K, reserved 1048576K
}
Event: 35.270 GC heap after
{Heap after GC invocations=81 (full 0):
 garbage-first heap   total 194560K, used 117147K [0x0000000080000000, 0x0000000100000000)
  region size 1024K, 3 young (3072K), 3 survivors (3072K)
 Metaspace       used 95155K, capacity 97482K, committed 97792K, reserved 1134592K
  class space    used 12068K, capacity 12889K, committed 13056K, reserved 1048576K
}
Event: 35.332 GC heap before
{Heap before GC invocations=81 (full 0):
 garbage-first heap   total 194560K, used 168347K [0x0000000080000000, 0x0000000100000000)
  region size 1024K, 51 young (52224K), 3 survivors (3072K)
 Metaspace       used 95284K, capacity 97643K, committed 98048K, reserved 1134592K
  class space    used 12078K, capacity 12921K, committed 13056K, reserved 1048576K
}
Event: 35.334 GC heap after
{Heap after GC invocations=82 (full 0):
 garbage-first heap   total 194560K, used 119921K [0x0000000080000000, 0x0000000100000000)
  region size 1024K, 3 young (3072K), 3 survivors (3072K)
 Metaspace       used 95284K, capacity 97643K, committed 98048K, reserved 1134592K
  class space    used 12078K, capacity 12921K, committed 13056K, reserved 1048576K
}
Event: 35.372 GC heap before
{Heap before GC invocations=83 (full 0):
 garbage-first heap   total 194560K, used 168049K [0x0000000080000000, 0x0000000100000000)
  region size 1024K, 50 young (51200K), 3 survivors (3072K)
 Metaspace       used 95312K, capacity 97707K, committed 98048K, reserved 1134592K
  class space    used 12082K, capacity 12921K, committed 13056K, reserved 1048576K
}
Event: 35.374 GC heap after
{Heap after GC invocations=84 (full 0):
 garbage-first heap   total 194560K, used 117302K [0x0000000080000000, 0x0000000100000000)
  region size 1024K, 4 young (4096K), 4 survivors (4096K)
 Metaspace       used 95312K, capacity 97707K, committed 98048K, reserved 1134592K
  class space    used 12082K, capacity 12921K, committed 13056K, reserved 1048576K
}
Event: 35.434 GC heap before
{Heap before GC invocations=84 (full 0):
 garbage-first heap   total 194560K, used 166454K [0x0000000080000000, 0x0000000100000000)
  region size 1024K, 52 young (53248K), 4 survivors (4096K)
 Metaspace       used 95319K, capacity 97707K, committed 98048K, reserved 1134592K
  class space    used 12082K, capacity 12921K, committed 13056K, reserved 1048576K
}
Event: 35.437 GC heap after
{Heap after GC invocations=85 (full 0):
 garbage-first heap   total 194560K, used 116983K [0x0000000080000000, 0x0000000100000000)
  region size 1024K, 3 young (3072K), 3 survivors (3072K)
 Metaspace       used 95319K, capacity 97707K, committed 98048K, reserved 1134592K
  class space    used 12082K, capacity 12921K, committed 13056K, reserved 1048576K
}
Event: 35.509 GC heap before
{Heap before GC invocations=85 (full 0):
 garbage-first heap   total 194560K, used 167159K [0x0000000080000000, 0x0000000100000000)
  region size 1024K, 53 young (54272K), 3 survivors (3072K)
 Metaspace       used 95334K, capacity 97707K, committed 98048K, reserved 1134592K
  class space    used 12082K, capacity 12921K, committed 13056K, reserved 1048576K
}
Event: 35.512 GC heap after
{Heap after GC invocations=86 (full 0):
 garbage-first heap   total 194560K, used 117943K [0x0000000080000000, 0x0000000100000000)
  region size 1024K, 4 young (4096K), 4 survivors (4096K)
 Metaspace       used 95334K, capacity 97707K, committed 98048K, reserved 1134592K
  class space    used 12082K, capacity 12921K, committed 13056K, reserved 1048576K
}
Event: 35.651 GC heap before
{Heap before GC invocations=86 (full 0):
 garbage-first heap   total 194560K, used 168119K [0x0000000080000000, 0x0000000100000000)
  region size 1024K, 53 young (54272K), 4 survivors (4096K)
 Metaspace       used 95368K, capacity 97768K, committed 98048K, reserved 1134592K
  class space    used 12081K, capacity 12920K, committed 13056K, reserved 1048576K
}
Event: 35.654 GC heap after
{Heap after GC invocations=87 (full 0):
 garbage-first heap   total 194560K, used 118280K [0x0000000080000000, 0x0000000100000000)
  region size 1024K, 5 young (5120K), 5 survivors (5120K)
 Metaspace       used 95368K, capacity 97768K, committed 98048K, reserved 1134592K
  class space    used 12081K, capacity 12920K, committed 13056K, reserved 1048576K
}
Event: 35.704 GC heap before
{Heap before GC invocations=88 (full 0):
 garbage-first heap   total 194560K, used 167432K [0x0000000080000000, 0x0000000100000000)
  region size 1024K, 54 young (55296K), 5 survivors (5120K)
 Metaspace       used 95405K, capacity 97841K, committed 98304K, reserved 1134592K
  class space    used 12081K, capacity 12920K, committed 13056K, reserved 1048576K
}
Event: 35.707 GC heap after
{Heap after GC invocations=89 (full 0):
 garbage-first heap   total 194560K, used 118223K [0x0000000080000000, 0x0000000100000000)
  region size 1024K, 3 young (3072K), 3 survivors (3072K)
 Metaspace       used 95405K, capacity 97841K, committed 98304K, reserved 1134592K
  class space    used 12081K, capacity 12920K, committed 13056K, reserved 1048576K
}
Event: 35.790 GC heap before
{Heap before GC invocations=89 (full 0):
 garbage-first heap   total 194560K, used 168399K [0x0000000080000000, 0x0000000100000000)
  region size 1024K, 53 young (54272K), 3 survivors (3072K)
 Metaspace       used 95418K, capacity 97841K, committed 98304K, reserved 1134592K
  class space    used 12081K, capacity 12920K, committed 13056K, reserved 1048576K
}

