# JRE version: OpenJDK Runtime Environment (11.0.10) (build 11.0.10+0-b96-7249189)
# Java VM: OpenJDK 64-Bit Server VM (11.0.10+0-b96-7249189, mixed mode, tiered, compressed oops, g1 gc, windows-amd64)
Heap:
 garbage-first heap   total 192512K, used 105371K [0x0000000080000000, 0x0000000100000000)
  region size 1024K, 10 young (10240K), 7 survivors (7168K)
 Metaspace       used 94732K, capacity 97413K, committed 99148K, reserved 1136640K
  class space    used 12449K, capacity 13454K, committed 14208K, reserved 1048576K
GC Heap History (20 events):
Event: 17.711 GC heap before
{Heap before GC invocations=52 (full 0):
 garbage-first heap   total 133120K, used 106110K [0x0000000080000000, 0x0000000100000000)
  region size 1024K, 41 young (41984K), 4 survivors (4096K)
 Metaspace       used 80269K, capacity 82566K, committed 82764K, reserved 1120256K
  class space    used 10533K, capacity 11369K, committed 11392K, reserved 1048576K
}
Event: 17.718 GC heap after
{Heap after GC invocations=53 (full 0):
 garbage-first heap   total 159744K, used 71414K [0x0000000080000000, 0x0000000100000000)
  region size 1024K, 6 young (6144K), 6 survivors (6144K)
 Metaspace       used 80269K, capacity 82566K, committed 82764K, reserved 1120256K
  class space    used 10533K, capacity 11369K, committed 11392K, reserved 1048576K
}
Event: 18.300 GC heap before
{Heap before GC invocations=53 (full 0):
 garbage-first heap   total 159744K, used 118518K [0x0000000080000000, 0x0000000100000000)
  region size 1024K, 53 young (54272K), 6 survivors (6144K)
 Metaspace       used 80723K, capacity 83108K, committed 83404K, reserved 1122304K
  class space    used 10566K, capacity 11449K, committed 11520K, reserved 1048576K
}
Event: 18.306 GC heap after
{Heap after GC invocations=54 (full 0):
 garbage-first heap   total 159744K, used 74294K [0x0000000080000000, 0x0000000100000000)
  region size 1024K, 6 young (6144K), 6 survivors (6144K)
 Metaspace       used 80723K, capacity 83108K, committed 83404K, reserved 1122304K
  class space    used 10566K, capacity 11449K, committed 11520K, reserved 1048576K
}
Event: 18.720 GC heap before
{Heap before GC invocations=54 (full 0):
 garbage-first heap   total 159744K, used 128566K [0x0000000080000000, 0x0000000100000000)
  region size 1024K, 60 young (61440K), 6 survivors (6144K)
 Metaspace       used 81040K, capacity 83328K, committed 83404K, reserved 1122304K
  class space    used 10600K, capacity 11467K, committed 11520K, reserved 1048576K
}
Event: 18.730 GC heap after
{Heap after GC invocations=55 (full 0):
 garbage-first heap   total 159744K, used 76956K [0x0000000080000000, 0x0000000100000000)
  region size 1024K, 6 young (6144K), 6 survivors (6144K)
 Metaspace       used 81040K, capacity 83328K, committed 83404K, reserved 1122304K
  class space    used 10600K, capacity 11467K, committed 11520K, reserved 1048576K
}
Event: 19.164 GC heap before
{Heap before GC invocations=55 (full 0):
 garbage-first heap   total 159744K, used 130204K [0x0000000080000000, 0x0000000100000000)
  region size 1024K, 59 young (60416K), 6 survivors (6144K)
 Metaspace       used 81094K, capacity 83402K, committed 83660K, reserved 1122304K
  class space    used 10602K, capacity 11468K, committed 11520K, reserved 1048576K
}
Event: 19.170 GC heap after
{Heap after GC invocations=56 (full 0):
 garbage-first heap   total 159744K, used 79766K [0x0000000080000000, 0x0000000100000000)
  region size 1024K, 6 young (6144K), 6 survivors (6144K)
 Metaspace       used 81094K, capacity 83402K, committed 83660K, reserved 1122304K
  class space    used 10602K, capacity 11468K, committed 11520K, reserved 1048576K
}
Event: 19.535 GC heap before
{Heap before GC invocations=56 (full 0):
 garbage-first heap   total 159744K, used 100246K [0x0000000080000000, 0x0000000100000000)
  region size 1024K, 28 young (28672K), 6 survivors (6144K)
 Metaspace       used 82051K, capacity 84421K, committed 84556K, reserved 1122304K
  class space    used 10680K, capacity 11529K, committed 11648K, reserved 1048576K
}
Event: 19.540 GC heap after
{Heap after GC invocations=57 (full 0):
 garbage-first heap   total 159744K, used 80630K [0x0000000080000000, 0x0000000100000000)
  region size 1024K, 4 young (4096K), 4 survivors (4096K)
 Metaspace       used 82051K, capacity 84421K, committed 84556K, reserved 1122304K
  class space    used 10680K, capacity 11529K, committed 11648K, reserved 1048576K
}
Event: 20.046 GC heap before
{Heap before GC invocations=58 (full 0):
 garbage-first heap   total 159744K, used 135926K [0x0000000080000000, 0x0000000100000000)
  region size 1024K, 55 young (56320K), 4 survivors (4096K)
 Metaspace       used 86045K, capacity 88476K, committed 88652K, reserved 1126400K
  class space    used 11246K, capacity 12119K, committed 12160K, reserved 1048576K
}
Event: 20.060 GC heap after
{Heap after GC invocations=59 (full 0):
 garbage-first heap   total 159744K, used 89379K [0x0000000080000000, 0x0000000100000000)
  region size 1024K, 7 young (7168K), 7 survivors (7168K)
 Metaspace       used 86045K, capacity 88476K, committed 88652K, reserved 1126400K
  class space    used 11246K, capacity 12119K, committed 12160K, reserved 1048576K
}
Event: 20.493 GC heap before
{Heap before GC invocations=59 (full 0):
 garbage-first heap   total 159744K, used 129315K [0x0000000080000000, 0x0000000100000000)
  region size 1024K, 46 young (47104K), 7 survivors (7168K)
 Metaspace       used 91564K, capacity 94596K, committed 94796K, reserved 1130496K
  class space    used 12244K, capacity 13409K, committed 13440K, reserved 1048576K
}
Event: 20.515 GC heap after
{Heap after GC invocations=60 (full 0):
 garbage-first heap   total 159744K, used 94698K [0x0000000080000000, 0x0000000100000000)
  region size 1024K, 5 young (5120K), 5 survivors (5120K)
 Metaspace       used 91564K, capacity 94596K, committed 94796K, reserved 1130496K
  class space    used 12244K, capacity 13409K, committed 13440K, reserved 1048576K
}
Event: 20.846 GC heap before
{Heap before GC invocations=61 (full 0):
 garbage-first heap   total 159744K, used 130538K [0x0000000080000000, 0x0000000100000000)
  region size 1024K, 40 young (40960K), 5 survivors (5120K)
 Metaspace       used 92124K, capacity 95177K, committed 95436K, reserved 1130496K
  class space    used 12331K, capacity 13520K, committed 13568K, reserved 1048576K
}
Event: 20.858 GC heap after
{Heap after GC invocations=62 (full 0):
 garbage-first heap   total 192512K, used 97848K [0x0000000080000000, 0x0000000100000000)
  region size 1024K, 4 young (4096K), 4 survivors (4096K)
 Metaspace       used 92124K, capacity 95177K, committed 95436K, reserved 1130496K
  class space    used 12331K, capacity 13520K, committed 13568K, reserved 1048576K
}
Event: 21.171 GC heap before
{Heap before GC invocations=62 (full 0):
 garbage-first heap   total 192512K, used 147000K [0x0000000080000000, 0x0000000100000000)
  region size 1024K, 53 young (54272K), 4 survivors (4096K)
 Metaspace       used 93591K, capacity 96829K, committed 96972K, reserved 1132544K
  class space    used 12504K, capacity 13764K, committed 13824K, reserved 1048576K
}
Event: 21.177 GC heap after
{Heap after GC invocations=63 (full 0):
 garbage-first heap   total 192512K, used 99589K [0x0000000080000000, 0x0000000100000000)
  region size 1024K, 6 young (6144K), 6 survivors (6144K)
 Metaspace       used 93591K, capacity 96829K, committed 96972K, reserved 1132544K
  class space    used 12504K, capacity 13764K, committed 13824K, reserved 1048576K
}
Event: 21.594 GC heap before
{Heap before GC invocations=64 (full 0):
 garbage-first heap   total 192512K, used 128261K [0x0000000080000000, 0x0000000100000000)
  region size 1024K, 36 young (36864K), 6 survivors (6144K)
 Metaspace       used 92920K, capacity 95448K, committed 97484K, reserved 1132544K
  class space    used 12114K, capacity 13057K, committed 13824K, reserved 1048576K
}
Event: 21.601 GC heap after
{Heap after GC invocations=65 (full 0):
 garbage-first heap   total 192512K, used 98361K [0x0000000080000000, 0x0000000100000000)
  region size 1024K, 4 young (4096K), 4 survivors (4096K)
 Metaspace       used 92920K, capacity 95448K, committed 97484K, reserved 1132544K
  class space    used 12114K, capacity 13057K, committed 13824K, reserved 1048576K
}

