# JRE version: OpenJDK Runtime Environment (11.0.10) (build 11.0.10+0-b96-7249189)
# Java VM: OpenJDK 64-Bit Server VM (11.0.10+0-b96-7249189, mixed mode, tiered, compressed oops, g1 gc, windows-amd64)
Heap:
 garbage-first heap   total 169984K, used 71733K [0x0000000080000000, 0x0000000100000000)
  region size 1024K, 5 young (5120K), 5 survivors (5120K)
 Metaspace       used 80308K, capacity 82595K, committed 82764K, reserved 1120256K
  class space    used 10522K, capacity 11352K, committed 11392K, reserved 1048576K
GC Heap History (20 events):
Event: 12.244 GC heap after
{Heap after GC invocations=26 (full 0):
 garbage-first heap   total 110592K, used 49755K [0x0000000080000000, 0x0000000100000000)
  region size 1024K, 2 young (2048K), 2 survivors (2048K)
 Metaspace       used 62390K, capacity 63857K, committed 63948K, reserved 1105920K
  class space    used 7916K, capacity 8428K, committed 8448K, reserved 1048576K
}
Event: 13.107 GC heap before
{Heap before GC invocations=27 (full 0):
 garbage-first heap   total 110592K, used 78427K [0x0000000080000000, 0x0000000100000000)
  region size 1024K, 29 young (29696K), 2 survivors (2048K)
 Metaspace       used 63374K, capacity 64943K, committed 65228K, reserved 1105920K
  class space    used 8067K, capacity 8611K, committed 8704K, reserved 1048576K
}
Event: 13.113 GC heap after
{Heap after GC invocations=28 (full 0):
 garbage-first heap   total 110592K, used 51546K [0x0000000080000000, 0x0000000100000000)
  region size 1024K, 4 young (4096K), 4 survivors (4096K)
 Metaspace       used 63374K, capacity 64943K, committed 65228K, reserved 1105920K
  class space    used 8067K, capacity 8611K, committed 8704K, reserved 1048576K
}
Event: 14.114 GC heap before
{Heap before GC invocations=28 (full 0):
 garbage-first heap   total 110592K, used 79194K [0x0000000080000000, 0x0000000100000000)
  region size 1024K, 31 young (31744K), 4 survivors (4096K)
 Metaspace       used 64778K, capacity 66467K, committed 66764K, reserved 1107968K
  class space    used 8256K, capacity 8841K, committed 8960K, reserved 1048576K
}
Event: 14.127 GC heap after
{Heap after GC invocations=29 (full 0):
 garbage-first heap   total 110592K, used 54209K [0x0000000080000000, 0x0000000100000000)
  region size 1024K, 3 young (3072K), 3 survivors (3072K)
 Metaspace       used 64778K, capacity 66467K, committed 66764K, reserved 1107968K
  class space    used 8256K, capacity 8841K, committed 8960K, reserved 1048576K
}
Event: 14.898 GC heap before
{Heap before GC invocations=29 (full 0):
 garbage-first heap   total 110592K, used 82881K [0x0000000080000000, 0x0000000100000000)
  region size 1024K, 31 young (31744K), 3 survivors (3072K)
 Metaspace       used 68515K, capacity 70112K, committed 70476K, reserved 1110016K
  class space    used 8881K, capacity 9474K, committed 9600K, reserved 1048576K
}
Event: 14.910 GC heap after
{Heap after GC invocations=30 (full 0):
 garbage-first heap   total 110592K, used 55902K [0x0000000080000000, 0x0000000100000000)
  region size 1024K, 2 young (2048K), 2 survivors (2048K)
 Metaspace       used 68515K, capacity 70112K, committed 70476K, reserved 1110016K
  class space    used 8881K, capacity 9474K, committed 9600K, reserved 1048576K
}
Event: 15.161 GC heap before
{Heap before GC invocations=31 (full 0):
 garbage-first heap   total 110592K, used 84574K [0x0000000080000000, 0x0000000100000000)
  region size 1024K, 30 young (30720K), 2 survivors (2048K)
 Metaspace       used 69131K, capacity 70797K, committed 70988K, reserved 1110016K
  class space    used 8957K, capacity 9551K, committed 9600K, reserved 1048576K
}
Event: 15.167 GC heap after
{Heap after GC invocations=32 (full 0):
 garbage-first heap   total 110592K, used 57681K [0x0000000080000000, 0x0000000100000000)
  region size 1024K, 4 young (4096K), 4 survivors (4096K)
 Metaspace       used 69131K, capacity 70797K, committed 70988K, reserved 1110016K
  class space    used 8957K, capacity 9551K, committed 9600K, reserved 1048576K
}
Event: 15.520 GC heap before
{Heap before GC invocations=32 (full 0):
 garbage-first heap   total 110592K, used 86353K [0x0000000080000000, 0x0000000100000000)
  region size 1024K, 32 young (32768K), 4 survivors (4096K)
 Metaspace       used 70682K, capacity 72338K, committed 72524K, reserved 1112064K
  class space    used 9193K, capacity 9824K, committed 9856K, reserved 1048576K
}
Event: 15.536 GC heap after
{Heap after GC invocations=33 (full 0):
 garbage-first heap   total 110592K, used 59725K [0x0000000080000000, 0x0000000100000000)
  region size 1024K, 4 young (4096K), 4 survivors (4096K)
 Metaspace       used 70682K, capacity 72338K, committed 72524K, reserved 1112064K
  class space    used 9193K, capacity 9824K, committed 9856K, reserved 1048576K
}
Event: 16.191 GC heap before
{Heap before GC invocations=34 (full 0):
 garbage-first heap   total 110592K, used 88397K [0x0000000080000000, 0x0000000100000000)
  region size 1024K, 32 young (32768K), 4 survivors (4096K)
 Metaspace       used 74765K, capacity 76527K, committed 76748K, reserved 1116160K
  class space    used 9767K, capacity 10380K, committed 10496K, reserved 1048576K
}
Event: 16.209 GC heap after
{Heap after GC invocations=35 (full 0):
 garbage-first heap   total 133120K, used 61276K [0x0000000080000000, 0x0000000100000000)
  region size 1024K, 4 young (4096K), 4 survivors (4096K)
 Metaspace       used 74765K, capacity 76527K, committed 76748K, reserved 1116160K
  class space    used 9767K, capacity 10380K, committed 10496K, reserved 1048576K
}
Event: 17.050 GC heap before
{Heap before GC invocations=35 (full 0):
 garbage-first heap   total 133120K, used 97116K [0x0000000080000000, 0x0000000100000000)
  region size 1024K, 39 young (39936K), 4 survivors (4096K)
 Metaspace       used 76925K, capacity 78838K, committed 79052K, reserved 1118208K
  class space    used 10038K, capacity 10715K, committed 10752K, reserved 1048576K
}
Event: 17.072 GC heap after
{Heap after GC invocations=36 (full 0):
 garbage-first heap   total 133120K, used 64473K [0x0000000080000000, 0x0000000100000000)
  region size 1024K, 5 young (5120K), 5 survivors (5120K)
 Metaspace       used 76925K, capacity 78838K, committed 79052K, reserved 1118208K
  class space    used 10038K, capacity 10715K, committed 10752K, reserved 1048576K
}
Event: 17.987 GC heap before
{Heap before GC invocations=36 (full 0):
 garbage-first heap   total 133120K, used 100313K [0x0000000080000000, 0x0000000100000000)
  region size 1024K, 40 young (40960K), 5 survivors (5120K)
 Metaspace       used 79422K, capacity 81610K, committed 81740K, reserved 1120256K
  class space    used 10461K, capacity 11275K, committed 11392K, reserved 1048576K
}
Event: 18.009 GC heap after
{Heap after GC invocations=37 (full 0):
 garbage-first heap   total 133120K, used 67157K [0x0000000080000000, 0x0000000100000000)
  region size 1024K, 3 young (3072K), 3 survivors (3072K)
 Metaspace       used 79422K, capacity 81610K, committed 81740K, reserved 1120256K
  class space    used 10461K, capacity 11275K, committed 11392K, reserved 1048576K
}
Event: 18.627 GC heap before
{Heap before GC invocations=38 (full 0):
 garbage-first heap   total 133120K, used 102997K [0x0000000080000000, 0x0000000100000000)
  region size 1024K, 39 young (39936K), 3 survivors (3072K)
 Metaspace       used 79818K, capacity 82063K, committed 82252K, reserved 1120256K
  class space    used 10503K, capacity 11339K, committed 11392K, reserved 1048576K
}
Event: 18.648 GC heap after
{Heap after GC invocations=39 (full 0):
 garbage-first heap   total 133120K, used 69334K [0x0000000080000000, 0x0000000100000000)
  region size 1024K, 5 young (5120K), 5 survivors (5120K)
 Metaspace       used 79818K, capacity 82063K, committed 82252K, reserved 1120256K
  class space    used 10503K, capacity 11339K, committed 11392K, reserved 1048576K
}
Event: 19.535 GC heap before
{Heap before GC invocations=39 (full 0):
 garbage-first heap   total 133120K, used 104150K [0x0000000080000000, 0x0000000100000000)
  region size 1024K, 40 young (40960K), 5 survivors (5120K)
 Metaspace       used 80308K, capacity 82595K, committed 82764K, reserved 1120256K
  class space    used 10522K, capacity 11352K, committed 11392K, reserved 1048576K
}

